mode: set
vbcount.ro/tenants/postgres_tenant_store.go:24.87,31.2 4 0
vbcount.ro/tenants/postgres_tenant_store.go:33.94,35.16 2 0
vbcount.ro/tenants/postgres_tenant_store.go:38.2,41.16 3 0
vbcount.ro/tenants/postgres_tenant_store.go:45.2,45.18 1 0
vbcount.ro/tenants/postgres_tenant_store.go:52.2,52.21 1 0
vbcount.ro/tenants/postgres_tenant_store.go:35.16,37.3 1 0
vbcount.ro/tenants/postgres_tenant_store.go:41.16,43.3 1 0
vbcount.ro/tenants/postgres_tenant_store.go:45.18,47.67 2 0
vbcount.ro/tenants/postgres_tenant_store.go:50.3,50.36 1 0
vbcount.ro/tenants/postgres_tenant_store.go:47.67,49.4 1 0
vbcount.ro/tenants/postgres_tenant_store.go:55.93,57.16 2 0
vbcount.ro/tenants/postgres_tenant_store.go:62.2,63.16 2 0
vbcount.ro/tenants/postgres_tenant_store.go:68.2,69.16 2 0
vbcount.ro/tenants/postgres_tenant_store.go:75.2,77.16 3 0
vbcount.ro/tenants/postgres_tenant_store.go:83.2,84.16 2 0
vbcount.ro/tenants/postgres_tenant_store.go:90.2,92.16 3 0
vbcount.ro/tenants/postgres_tenant_store.go:98.2,101.17 3 0
vbcount.ro/tenants/postgres_tenant_store.go:57.16,60.3 2 0
vbcount.ro/tenants/postgres_tenant_store.go:63.16,66.3 2 0
vbcount.ro/tenants/postgres_tenant_store.go:69.16,72.3 2 0
vbcount.ro/tenants/postgres_tenant_store.go:77.16,80.3 2 0
vbcount.ro/tenants/postgres_tenant_store.go:84.16,87.3 2 0
vbcount.ro/tenants/postgres_tenant_store.go:92.16,97.3 4 0
vbcount.ro/tenants/postgres_tenant_store.go:104.72,106.2 1 0
vbcount.ro/tenants/postgres_tenant_store.go:108.86,110.2 1 0
vbcount.ro/tenants/tenant_server.go:17.55,29.2 7 1
vbcount.ro/tenants/tenant_server.go:31.75,34.36 2 1
vbcount.ro/tenants/tenant_server.go:39.2,39.45 1 1
vbcount.ro/tenants/tenant_server.go:34.36,37.3 2 1
vbcount.ro/tenants/tenant_server.go:48.76,49.44 1 1
vbcount.ro/tenants/tenant_server.go:54.2,58.16 4 1
vbcount.ro/tenants/tenant_server.go:63.2,63.37 1 1
vbcount.ro/tenants/tenant_server.go:49.44,52.3 2 1
vbcount.ro/tenants/tenant_server.go:58.16,61.3 2 0
vbcount.ro/tenants/main.go:10.64,13.36 2 0
vbcount.ro/tenants/main.go:18.2,22.16 4 0
vbcount.ro/tenants/main.go:28.2,30.8 3 0
vbcount.ro/tenants/main.go:13.36,16.3 2 0
vbcount.ro/tenants/main.go:22.16,26.3 3 0
vbcount.ro/tenants/main.go:35.64,39.16 3 0
vbcount.ro/tenants/main.go:43.2,45.35 3 0
vbcount.ro/tenants/main.go:39.16,41.3 1 0
vbcount.ro/tenants/main.go:51.13,55.2 2 0
vbcount.ro/tenants/memory_tenant_store.go:8.52,11.2 2 1
vbcount.ro/tenants/memory_tenant_store.go:13.82,15.48 2 0
vbcount.ro/tenants/memory_tenant_store.go:20.2,20.25 1 0
vbcount.ro/tenants/memory_tenant_store.go:15.48,16.36 1 0
vbcount.ro/tenants/memory_tenant_store.go:16.36,18.4 1 0
vbcount.ro/tenants/memory_tenant_store.go:23.86,24.23 1 0
